<?xml version="1.0" encoding="UTF-8"?>
<!-- Generated by org.testng.reporters.JUnitReportReporter -->
<testsuite hostname="Anushruti" failures="0" tests="1" name="Contactpackage.ContactTest" time="0.024" errors="0" timestamp="2025-05-28T22:48:34 IST" skipped="0">
  <testcase classname="Contactpackage.ContactTest" name="test" time="0.024"/>
  <system-out/>
</testsuite> <!-- Contactpackage.ContactTest -->
