<?xml version="1.0" encoding="UTF-8"?>
<!-- Generated by org.testng.reporters.JUnitReportReporter -->
<testsuite hostname="Anushruti" failures="0" tests="1" name="orgpackage.OrgTest" time="0.010" errors="0" timestamp="2025-05-28T22:48:12 IST" skipped="0">
  <testcase classname="orgpackage.OrgTest" name="orgTestt" time="0.010"/>
  <system-out/>
</testsuite> <!-- orgpackage.OrgTest -->
